20:51:37 **** Incremental Build of configuration Debug for project Mini_Project3 ****
make all 
Building file: ../ADC.c
Invoking: AVR Compiler
avr-gcc -Wall -g2 -gstabs -O0 -fpack-struct -fshort-enums -ffunction-sections -fdata-sections -std=gnu99 -funsigned-char -funsigned-bitfields -mmcu=atmega32 -DF_CPU=1000000UL -MMD -MP -MF"ADC.d" -MT"ADC.o" -c -o "ADC.o" "../ADC.c"
In file included from ../Libraries.h:22,
                 from ../ADC.c:16:
c:/winavr-20100110/lib/gcc/../../avr/include/util/delay.h:90:3: warning: #warning "Compiler optimizations disabled; functions from <util/delay.h> won't work as designed"
Finished building: ../ADC.c
 
Building target: Mini_Project3.elf
Invoking: AVR C Linker
avr-gcc -Wl,-Map,Mini_Project3.map -mmcu=atmega32 -o "Mini_Project3.elf"  ./ADC.o ./DcMotor.o ./GPIO.o ./LCD.o ./Main.o ./TIMER.o ./lM35_TempSensor.o   
Finished building target: Mini_Project3.elf
 
Invoking: AVR Create Extended Listing
avr-objdump -h -S Mini_Project3.elf  >"Mini_Project3.lss"
Finished building: Mini_Project3.lss
 
Create Flash image (ihex format)
avr-objcopy -R .eeprom -R .fuse -R .lock -R .signature -O ihex Mini_Project3.elf  "Mini_Project3.hex"
Finished building: Mini_Project3.hex
 
Invoking: Print Size
avr-size --format=avr --mcu=atmega32 Mini_Project3.elf
AVR Memory Usage
----------------
Device: atmega32

Program:    9534 bytes (29.1% Full)
(.text + .data + .bootloader)

Data:        296 bytes (14.5% Full)
(.data + .bss + .noinit)


Finished building: sizedummy
 

20:51:38 Build Finished. 0 errors, 1 warnings. (took 630ms)

